<?xml version="1.0" encoding="UTF-8"?>
<testng-results ignored="0" total="1" passed="1" failed="0" skipped="0">
  <reporter-output>
  </reporter-output>
  <suite started-at="2024-04-03T20:24:37 IST" name="Default suite" finished-at="2024-04-03T20:24:52 IST" duration-ms="14455">
    <groups>
    </groups>
    <test started-at="2024-04-03T20:24:37 IST" name="Default test" finished-at="2024-04-03T20:24:52 IST" duration-ms="14455">
      <class name="flightBookingWorkflow.FlightBookingWorkflowTest">
        <test-method is-config="true" signature="launchBrowser()[pri:0, instance:flightBookingWorkflow.FlightBookingWorkflowTest@1da2cb77]" started-at="2024-04-03T20:24:37 IST" name="launchBrowser" finished-at="2024-04-03T20:24:46 IST" duration-ms="8748" status="PASS">
          <reporter-output>
          </reporter-output>
        </test-method> <!-- launchBrowser -->
        <test-method signature="makeMyTripFlightBookingWorkflow()[pri:0, instance:flightBookingWorkflow.FlightBookingWorkflowTest@1da2cb77]" started-at="2024-04-03T20:24:46 IST" name="makeMyTripFlightBookingWorkflow" finished-at="2024-04-03T20:24:52 IST" duration-ms="5643" status="PASS">
          <reporter-output>
          </reporter-output>
        </test-method> <!-- makeMyTripFlightBookingWorkflow -->
      </class> <!-- flightBookingWorkflow.FlightBookingWorkflowTest -->
    </test> <!-- Default test -->
  </suite> <!-- Default suite -->
</testng-results>
